2021-01-12 14:13:30,717 main.py[line:112] INFO {'get_all_config': {'ids': [], 'pix_postion': []}}
2021-01-12 14:15:20,018 main.py[line:112] INFO {'get_all_config': {'ids': [1], 'pix_postion': [[[325, 212], [479, 231], [458, 299], [328, 334], [493, 1316]]]}}
2021-01-12 14:16:24,008 main.py[line:112] INFO {'get_all_config': {'ids': [1, 2], 'pix_postion': [[[325, 212], [479, 231], [458, 299], [328, 334], [493, 1316]], [[325, 212], [479, 231], [458, 299], [328, 334], [493, 1316], [664, 421], [749, 380], [749, 328], [643, 333], [1070, 446]]]}}
2021-01-12 14:18:51,274 main.py[line:140] ERROR {'error: ': ValueError("invalid literal for int() with base 10: ''")}
2021-01-12 14:18:51,418 main.py[line:112] INFO {'get_all_config': {'ids': [1, 2], 'pix_postion': [[[325, 212], [479, 231], [458, 299], [328, 334], [493, 1316]], [[325, 212], [479, 231], [458, 299], [328, 334], [493, 1316], [664, 421], [749, 380], [749, 328], [643, 333], [1070, 446]]]}}
2021-01-12 14:19:59,885 main.py[line:140] ERROR {'error: ': ValueError("invalid literal for int() with base 10: ''")}
2021-01-12 14:19:59,899 main.py[line:112] INFO {'get_all_config': {'ids': [1, 2], 'pix_postion': [[[325, 212], [479, 231], [458, 299], [328, 334], [493, 1316]], [[325, 212], [479, 231], [458, 299], [328, 334], [493, 1316], [664, 421], [749, 380], [749, 328], [643, 333], [1070, 446]]]}}
2021-01-12 14:20:17,522 main.py[line:140] ERROR {'error: ': ValueError("invalid literal for int() with base 10: ''")}
2021-01-12 14:20:17,617 main.py[line:112] INFO {'get_all_config': {'ids': [1, 2], 'pix_postion': [[[325, 212], [479, 231], [458, 299], [328, 334], [493, 1316]], [[325, 212], [479, 231], [458, 299], [328, 334], [493, 1316], [664, 421], [749, 380], [749, 328], [643, 333], [1070, 446]]]}}
2021-01-12 14:20:24,615 main.py[line:112] INFO {'get_all_config': {'ids': [1, 2], 'pix_postion': [[[364, 318], [444, 337], [454, 365], [427, 390], [337, 200], [334, 296], [278, 325], [267, 344]], [[325, 212], [479, 231], [458, 299], [328, 334], [493, 1316], [664, 421], [749, 380], [749, 328], [643, 333], [1070, 446]]]}}
2021-01-12 14:20:51,198 main.py[line:112] INFO {'get_all_config': {'ids': [1, 2], 'pix_postion': [[[259, 232], [384, 277], [329, 362], [232, 372]], [[325, 212], [479, 231], [458, 299], [328, 334], [493, 1316], [664, 421], [749, 380], [749, 328], [643, 333], [1070, 446]]]}}
2021-01-12 14:21:22,014 main.py[line:112] INFO {'get_all_config': {'ids': [1, 2], 'pix_postion': [[[368, 336], [417, 349], [411, 403], [364, 399]], [[325, 212], [479, 231], [458, 299], [328, 334], [493, 1316], [664, 421], [749, 380], [749, 328], [643, 333], [1070, 446]]]}}
2021-01-12 14:21:39,163 main.py[line:112] INFO {'get_all_config': {'ids': [1, 2], 'pix_postion': [[[368, 336], [417, 349], [411, 403], [364, 399], [367, 260], [463, 275], [386, 305], [355, 326]], [[325, 212], [479, 231], [458, 299], [328, 334], [493, 1316], [664, 421], [749, 380], [749, 328], [643, 333], [1070, 446]]]}}
2021-01-12 14:21:58,544 main.py[line:112] INFO {'get_all_config': {'ids': [1, 2], 'pix_postion': [[[368, 336], [417, 349], [411, 403], [364, 399], [367, 260], [463, 275], [386, 305], [355, 326], [291, 256], [336, 275], [303, 310], [369, 347]], [[325, 212], [479, 231], [458, 299], [328, 334], [493, 1316], [664, 421], [749, 380], [749, 328], [643, 333], [1070, 446]]]}}
2021-01-12 14:23:14,138 main.py[line:112] INFO {'get_all_config': {'ids': [1, 2], 'pix_postion': [[[316, 384], [439, 416]], [[325, 212], [479, 231], [458, 299], [328, 334], [493, 1316], [664, 421], [749, 380], [749, 328], [643, 333], [1070, 446]]]}}
2021-01-12 14:23:47,617 main.py[line:112] INFO {'get_all_config': {'ids': [1, 2], 'pix_postion': [[[316, 384], [439, 416]], [[346, 326], [434, 349], [478, 374], [476, 393], [386, 428]]]}}
2021-01-12 14:24:13,907 main.py[line:112] INFO {'get_all_config': {'ids': [1, 2], 'pix_postion': [[[289, 216], [375, 252], [320, 289], [424, 329]], [[346, 326], [434, 349], [478, 374], [476, 393], [386, 428]]]}}
2021-01-12 14:24:38,963 main.py[line:112] INFO {'get_all_config': {'ids': [1, 2], 'pix_postion': [[[289, 216], [375, 252], [320, 289], [424, 329], [353, 253], [438, 263], [439, 301], [386, 307]], [[346, 326], [434, 349], [478, 374], [476, 393], [386, 428]]]}}
2021-01-12 14:24:46,546 main.py[line:112] INFO {'get_all_config': {'ids': [1, 2], 'pix_postion': [[[289, 216], [375, 252], [320, 289], [424, 329], [353, 253], [438, 263], [439, 301], [386, 307], [333, 252], [439, 271], [423, 302], [324, 322]], [[346, 326], [434, 349], [478, 374], [476, 393], [386, 428]]]}}
2021-01-12 14:27:01,082 main.py[line:112] INFO {'get_all_config': {'ids': [], 'pix_postion': []}}
2021-01-12 14:27:12,679 main.py[line:112] INFO {'get_all_config': {'ids': [], 'pix_postion': []}}
2021-01-12 14:28:23,978 main.py[line:112] INFO {'get_all_config': {'ids': [1], 'pix_postion': [[[255, 230], [327, 262], [235, 281], [322, 320], [887, 592]]]}}
2021-01-12 14:29:09,323 main.py[line:112] INFO {'get_all_config': {'ids': [1], 'pix_postion': [[[346, 294], [415, 311], [356, 345], [414, 362], [491, 1008]]]}}
2021-01-12 14:29:30,016 main.py[line:112] INFO {'get_all_config': {'ids': [1], 'pix_postion': [[[475, 361], [564, 383], [492, 431], [548, 450], [722, 748]]]}}
2021-01-12 14:35:09,242 main.py[line:112] INFO {'get_all_config': {'ids': [1], 'pix_postion': [[[400, 1860], [428, 1859], [378, 367]]]}}
2021-01-12 15:14:30,394 main.py[line:125] INFO {'get_all_config': {'ids': [1], 'pix_postion': [[[501, 1703], [592, 1740]]]}}
2021-01-12 15:19:03,842 main.py[line:153] ERROR {'error: ': ValueError("invalid literal for int() with base 10: ''")}
2021-01-12 15:19:03,976 main.py[line:125] INFO {'get_all_config': {'ids': [1], 'pix_postion': [[[501, 1703], [592, 1740]]]}}
2021-01-12 15:19:46,795 main.py[line:153] ERROR {'error: ': ValueError("invalid literal for int() with base 10: ''")}
2021-01-12 15:19:46,809 main.py[line:125] INFO {'get_all_config': {'ids': [1], 'pix_postion': [[[501, 1703], [592, 1740]]]}}
2021-01-12 15:22:03,688 main.py[line:125] INFO {'get_all_config': {'ids': [1], 'pix_postion': [[[452, 302], [344, 1781]]]}}
2021-01-12 15:22:57,213 main.py[line:153] ERROR {'error: ': ValueError("invalid literal for int() with base 10: ''")}
2021-01-12 15:22:57,228 main.py[line:125] INFO {'get_all_config': {'ids': [1], 'pix_postion': [[[452, 302], [344, 1781]]]}}
2021-01-12 15:23:45,469 main.py[line:153] ERROR {'error: ': ValueError("invalid literal for int() with base 10: ''")}
2021-01-12 15:23:45,483 main.py[line:125] INFO {'get_all_config': {'ids': [1], 'pix_postion': [[[452, 302], [344, 1781]]]}}
2021-01-12 15:25:03,153 main.py[line:125] INFO {'get_all_config': {'ids': [1], 'pix_postion': [[[509, 319], [462, 325]]]}}
2021-01-12 15:28:55,789 main.py[line:125] INFO {'get_all_config': {'ids': [1], 'pix_postion': [[[443, 285], [525, 331]]]}}
2021-01-12 15:29:18,734 main.py[line:125] INFO {'get_all_config': {'ids': [1], 'pix_postion': [[[418, 227], [531, 311]]]}}
2021-01-12 15:29:25,703 main.py[line:125] INFO {'get_all_config': {'ids': [1, 2], 'pix_postion': [[[418, 227], [531, 311]], [[544, 435], [669, 495], [581, 586]]]}}
2021-01-12 15:29:55,971 main.py[line:125] INFO {'get_all_config': {'ids': [1, 2, 8], 'pix_postion': [[[418, 227], [531, 311]], [[544, 435], [669, 495], [581, 586]], [[510, 623], [613, 645], [646, 656]]]}}
2021-01-12 15:30:42,295 main.py[line:125] INFO {'get_all_config': {'ids': [1, 2, 8], 'pix_postion': [[[433, 372], [565, 423], [514, 506]], [[544, 435], [669, 495], [581, 586]], [[510, 623], [613, 645], [646, 656]]]}}
2021-01-12 15:32:08,239 main.py[line:125] INFO {'get_all_config': {'ids': [1, 2, 8], 'pix_postion': [[[426, 273], [473, 388]], [[544, 435], [669, 495], [581, 586]], [[510, 623], [613, 645], [646, 656]]]}}
2021-01-12 15:32:46,301 main.py[line:125] INFO {'get_all_config': {'ids': [1, 2, 8], 'pix_postion': [[[369, 481], [406, 600]], [[544, 435], [669, 495], [581, 586]], [[510, 623], [613, 645], [646, 656]]]}}
2021-01-12 15:36:05,615 main.py[line:125] INFO {'get_all_config': {'ids': [1, 2, 8], 'pix_postion': [[[531, 307], [660, 414]], [[544, 435], [669, 495], [581, 586]], [[510, 623], [613, 645], [646, 656]]]}}
2021-01-12 15:37:07,818 main.py[line:125] INFO {'get_all_config': {'ids': [1, 2, 8], 'pix_postion': [[[409, 316], [486, 343]], [[544, 435], [669, 495], [581, 586]], [[510, 623], [613, 645], [646, 656]]]}}
2021-01-12 15:37:26,810 main.py[line:125] INFO {'get_all_config': {'ids': [1, 2, 8], 'pix_postion': [[[422, 375], [574, 453]], [[544, 435], [669, 495], [581, 586]], [[510, 623], [613, 645], [646, 656]]]}}
2021-01-12 15:38:18,722 main.py[line:153] ERROR {'error: ': ValueError("invalid literal for int() with base 10: 'ˇě'")}
2021-01-12 15:38:18,736 main.py[line:125] INFO {'get_all_config': {'ids': [1, 2, 8], 'pix_postion': [[[422, 375], [574, 453]], [[544, 435], [669, 495], [581, 586]], [[510, 623], [613, 645], [646, 656]]]}}
2021-01-12 15:38:21,682 main.py[line:125] INFO {'get_all_config': {'ids': [1, 2, 8], 'pix_postion': [[[422, 375], [574, 453]], [[544, 435], [669, 495], [581, 586]], [[510, 623], [613, 645], [646, 656]]]}}
2021-01-12 15:38:38,545 main.py[line:125] INFO {'get_all_config': {'ids': [1, 2, 8], 'pix_postion': [[[462, 422], [650, 493]], [[544, 435], [669, 495], [581, 586]], [[510, 623], [613, 645], [646, 656]]]}}
2021-01-12 15:38:52,876 main.py[line:125] INFO {'get_all_config': {'ids': [1, 2, 8], 'pix_postion': [[[450, 1562], [449, 1701]], [[544, 435], [669, 495], [581, 586]], [[510, 623], [613, 645], [646, 656]]]}}
2021-01-12 15:39:51,049 main.py[line:125] INFO {'get_all_config': {'ids': [1, 2, 8], 'pix_postion': [[[424, 257], [536, 356]], [[544, 435], [669, 495], [581, 586]], [[510, 623], [613, 645], [646, 656]]]}}
2021-01-12 15:40:26,012 main.py[line:125] INFO {'get_all_config': {'ids': [1, 2, 8], 'pix_postion': [[[465, 1729], [594, 1767]], [[544, 435], [669, 495], [581, 586]], [[510, 623], [613, 645], [646, 656]]]}}
2021-01-12 15:42:03,631 main.py[line:125] INFO {'get_all_config': {'ids': [1, 2, 8], 'pix_postion': [[[480, 278], [609, 328]], [[544, 435], [669, 495], [581, 586]], [[510, 623], [613, 645], [646, 656]]]}}
2021-01-12 15:42:24,082 main.py[line:125] INFO {'get_all_config': {'ids': [1, 2, 8], 'pix_postion': [[[438, 349], [497, 407]], [[544, 435], [669, 495], [581, 586]], [[510, 623], [613, 645], [646, 656]]]}}
2021-01-12 15:43:26,239 main.py[line:125] INFO {'get_all_config': {'ids': [1, 2, 8], 'pix_postion': [[[456, 230], [544, 348]], [[544, 435], [669, 495], [581, 586]], [[510, 623], [613, 645], [646, 656]]]}}
2021-01-12 15:43:46,461 main.py[line:125] INFO {'get_all_config': {'ids': [1, 2, 8, 10], 'pix_postion': [[[456, 230], [544, 348]], [[544, 435], [669, 495], [581, 586]], [[510, 623], [613, 645], [646, 656]], [[786, 802], [774, 863], [739, 915], [716, 935], [658, 961], [437, 977], [400, 976]]]}}
2021-01-12 15:44:46,200 main.py[line:125] INFO {'get_all_config': {'ids': [1, 2, 8, 10], 'pix_postion': [[[516, 499], [565, 620]], [[544, 435], [669, 495], [581, 586]], [[510, 623], [613, 645], [646, 656]], [[786, 802], [774, 863], [739, 915], [716, 935], [658, 961], [437, 977], [400, 976]]]}}
2021-01-12 15:48:52,985 main.py[line:125] INFO {'get_all_config': {'ids': [1, 2, 8, 10], 'pix_postion': [[[516, 499], [565, 620]], [[544, 435], [669, 495], [581, 586]], [[510, 623], [613, 645], [646, 656]], [[427, 1762], [608, 1762], [674, 1749], [740, 1722], [793, 1669], [812, 1631], [931, 1540]]]}}
2021-01-12 15:50:15,017 main.py[line:153] ERROR {'error: ': ValueError("invalid literal for int() with base 10: ''")}
2021-01-12 15:50:15,035 main.py[line:125] INFO {'get_all_config': {'ids': [1, 2, 8, 10], 'pix_postion': [[[516, 499], [565, 620]], [[544, 435], [669, 495], [581, 586]], [[510, 623], [613, 645], [646, 656]], [[427, 1762], [608, 1762], [674, 1749], [740, 1722], [793, 1669], [812, 1631], [931, 1540]]]}}
2021-01-12 15:50:21,277 main.py[line:153] ERROR {'error: ': ValueError("invalid literal for int() with base 10: ''")}
2021-01-12 15:50:21,300 main.py[line:125] INFO {'get_all_config': {'ids': [1, 2, 8, 10], 'pix_postion': [[[516, 499], [565, 620]], [[544, 435], [669, 495], [581, 586]], [[510, 623], [613, 645], [646, 656]], [[427, 1762], [608, 1762], [674, 1749], [740, 1722], [793, 1669], [812, 1631], [931, 1540]]]}}
2021-01-12 15:50:33,670 main.py[line:125] INFO {'get_all_config': {'ids': [1, 2, 8, 10], 'pix_postion': [[[516, 499], [565, 620]], [[544, 435], [669, 495], [581, 586]], [[510, 623], [613, 645], [646, 656]], [[243, 1534], [360, 1506], [396, 1540], [376, 1594], [352, 1612], [284, 1629]]]}}
2021-01-12 15:50:40,444 main.py[line:153] ERROR {'error: ': ValueError("invalid literal for int() with base 10: ''")}
2021-01-12 15:50:40,460 main.py[line:125] INFO {'get_all_config': {'ids': [1, 2, 8, 10], 'pix_postion': [[[516, 499], [565, 620]], [[544, 435], [669, 495], [581, 586]], [[510, 623], [613, 645], [646, 656]], [[243, 1534], [360, 1506], [396, 1540], [376, 1594], [352, 1612], [284, 1629]]]}}
2021-01-12 15:52:33,431 main.py[line:153] ERROR {'error: ': ValueError("invalid literal for int() with base 10: ''")}
2021-01-12 15:52:33,451 main.py[line:125] INFO {'get_all_config': {'ids': [1, 2, 8, 10], 'pix_postion': [[[516, 499], [565, 620]], [[544, 435], [669, 495], [581, 586]], [[510, 623], [613, 645], [646, 656]], [[243, 1534], [360, 1506], [396, 1540], [376, 1594], [352, 1612], [284, 1629]]]}}
2021-01-12 15:52:47,687 main.py[line:125] INFO {'get_all_config': {'ids': [1, 2, 8, 10], 'pix_postion': [[[516, 499], [565, 620]], [[544, 435], [669, 495], [581, 586]], [[510, 623], [613, 645], [646, 656]], [[529, 1706], [670, 1739], [702, 1751], [705, 1775], [676, 1835], [643, 1845], [572, 1839], [516, 1820], [451, 1758], [497, 1673], [743, 1644], [831, 1685]]]}}
2021-01-12 15:52:59,081 main.py[line:153] ERROR {'error: ': ValueError("invalid literal for int() with base 10: ''")}
2021-01-12 15:52:59,094 main.py[line:125] INFO {'get_all_config': {'ids': [1, 2, 8, 10], 'pix_postion': [[[516, 499], [565, 620]], [[544, 435], [669, 495], [581, 586]], [[510, 623], [613, 645], [646, 656]], [[529, 1706], [670, 1739], [702, 1751], [705, 1775], [676, 1835], [643, 1845], [572, 1839], [516, 1820], [451, 1758], [497, 1673], [743, 1644], [831, 1685]]]}}
2021-01-12 16:02:45,402 main.py[line:153] ERROR {'error: ': ValueError("invalid literal for int() with base 10: ''")}
2021-01-12 16:02:45,421 main.py[line:125] INFO {'get_all_config': {'ids': [1, 2, 8, 10], 'pix_postion': [[[516, 499], [565, 620]], [[544, 435], [669, 495], [581, 586]], [[510, 623], [613, 645], [646, 656]], [[529, 1706], [670, 1739], [702, 1751], [705, 1775], [676, 1835], [643, 1845], [572, 1839], [516, 1820], [451, 1758], [497, 1673], [743, 1644], [831, 1685]]]}}
2021-01-12 16:05:47,976 main.py[line:153] ERROR {'error: ': ValueError("invalid literal for int() with base 10: ''")}
2021-01-12 16:05:47,990 main.py[line:125] INFO {'get_all_config': {'ids': [1, 2, 8, 10], 'pix_postion': [[[516, 499], [565, 620]], [[544, 435], [669, 495], [581, 586]], [[510, 623], [613, 645], [646, 656]], [[529, 1706], [670, 1739], [702, 1751], [705, 1775], [676, 1835], [643, 1845], [572, 1839], [516, 1820], [451, 1758], [497, 1673], [743, 1644], [831, 1685]]]}}
2021-01-12 16:10:04,819 main.py[line:153] ERROR {'error: ': ValueError("invalid literal for int() with base 10: ''")}
2021-01-12 16:10:04,858 main.py[line:125] INFO {'get_all_config': {'ids': [1, 2, 8, 10], 'pix_postion': [[[516, 499], [565, 620]], [[544, 435], [669, 495], [581, 586]], [[510, 623], [613, 645], [646, 656]], [[529, 1706], [670, 1739], [702, 1751], [705, 1775], [676, 1835], [643, 1845], [572, 1839], [516, 1820], [451, 1758], [497, 1673], [743, 1644], [831, 1685]]]}}
2021-01-12 16:22:25,086 main.py[line:153] ERROR {'error: ': ValueError("invalid literal for int() with base 10: ''")}
2021-01-12 16:22:25,112 main.py[line:125] INFO {'get_all_config': {'ids': [1, 2, 8, 10], 'pix_postion': [[[516, 499], [565, 620]], [[544, 435], [669, 495], [581, 586]], [[510, 623], [613, 645], [646, 656]], [[529, 1706], [670, 1739], [702, 1751], [705, 1775], [676, 1835], [643, 1845], [572, 1839], [516, 1820], [451, 1758], [497, 1673], [743, 1644], [831, 1685]]]}}
2021-01-12 16:22:34,333 main.py[line:125] INFO {'get_all_config': {'ids': [1, 2, 8, 10], 'pix_postion': [[[291, 1703], [297, 1703], [367, 1774], [368, 1778]], [[544, 435], [669, 495], [581, 586]], [[510, 623], [613, 645], [646, 656]], [[529, 1706], [670, 1739], [702, 1751], [705, 1775], [676, 1835], [643, 1845], [572, 1839], [516, 1820], [451, 1758], [497, 1673], [743, 1644], [831, 1685]]]}}
2021-01-12 16:27:33,235 main.py[line:153] ERROR {'error: ': ValueError("invalid literal for int() with base 10: ''")}
2021-01-12 16:27:33,346 main.py[line:125] INFO {'get_all_config': {'ids': [1, 2, 8, 10], 'pix_postion': [[[291, 1703], [297, 1703], [367, 1774], [368, 1778]], [[544, 435], [669, 495], [581, 586]], [[510, 623], [613, 645], [646, 656]], [[529, 1706], [670, 1739], [702, 1751], [705, 1775], [676, 1835], [643, 1845], [572, 1839], [516, 1820], [451, 1758], [497, 1673], [743, 1644], [831, 1685]]]}}
2021-01-12 16:29:43,864 main.py[line:153] ERROR {'error: ': ValueError("invalid literal for int() with base 10: ''")}
2021-01-12 16:29:43,880 main.py[line:125] INFO {'get_all_config': {'ids': [1, 2, 8, 10], 'pix_postion': [[[291, 1703], [297, 1703], [367, 1774], [368, 1778]], [[544, 435], [669, 495], [581, 586]], [[510, 623], [613, 645], [646, 656]], [[529, 1706], [670, 1739], [702, 1751], [705, 1775], [676, 1835], [643, 1845], [572, 1839], [516, 1820], [451, 1758], [497, 1673], [743, 1644], [831, 1685]]]}}
2021-01-12 16:30:27,571 main.py[line:153] ERROR {'error: ': ValueError("invalid literal for int() with base 10: ''")}
2021-01-12 16:30:27,628 main.py[line:125] INFO {'get_all_config': {'ids': [1, 2, 8, 10], 'pix_postion': [[[291, 1703], [297, 1703], [367, 1774], [368, 1778]], [[544, 435], [669, 495], [581, 586]], [[510, 623], [613, 645], [646, 656]], [[529, 1706], [670, 1739], [702, 1751], [705, 1775], [676, 1835], [643, 1845], [572, 1839], [516, 1820], [451, 1758], [497, 1673], [743, 1644], [831, 1685]]]}}
2021-01-12 16:30:56,500 main.py[line:153] ERROR {'error: ': ValueError("invalid literal for int() with base 10: ''")}
2021-01-12 16:30:56,512 main.py[line:125] INFO {'get_all_config': {'ids': [1, 2, 8, 10], 'pix_postion': [[[291, 1703], [297, 1703], [367, 1774], [368, 1778]], [[544, 435], [669, 495], [581, 586]], [[510, 623], [613, 645], [646, 656]], [[529, 1706], [670, 1739], [702, 1751], [705, 1775], [676, 1835], [643, 1845], [572, 1839], [516, 1820], [451, 1758], [497, 1673], [743, 1644], [831, 1685]]]}}
2021-01-12 16:34:37,300 main.py[line:153] ERROR {'error: ': ValueError("invalid literal for int() with base 10: ''")}
2021-01-12 16:34:37,321 main.py[line:125] INFO {'get_all_config': {'ids': [1, 2, 8, 10], 'pix_postion': [[[291, 1703], [297, 1703], [367, 1774], [368, 1778]], [[544, 435], [669, 495], [581, 586]], [[510, 623], [613, 645], [646, 656]], [[529, 1706], [670, 1739], [702, 1751], [705, 1775], [676, 1835], [643, 1845], [572, 1839], [516, 1820], [451, 1758], [497, 1673], [743, 1644], [831, 1685]]]}}
2021-01-12 16:35:28,752 main.py[line:153] ERROR {'error: ': ValueError("invalid literal for int() with base 10: ''")}
2021-01-12 16:35:28,763 main.py[line:125] INFO {'get_all_config': {'ids': [1, 2, 8, 10], 'pix_postion': [[[291, 1703], [297, 1703], [367, 1774], [368, 1778]], [[544, 435], [669, 495], [581, 586]], [[510, 623], [613, 645], [646, 656]], [[529, 1706], [670, 1739], [702, 1751], [705, 1775], [676, 1835], [643, 1845], [572, 1839], [516, 1820], [451, 1758], [497, 1673], [743, 1644], [831, 1685]]]}}
2021-01-12 16:35:40,139 main.py[line:153] ERROR {'error: ': ValueError("invalid literal for int() with base 10: ''")}
2021-01-12 16:35:40,154 main.py[line:125] INFO {'get_all_config': {'ids': [1, 2, 8, 10], 'pix_postion': [[[291, 1703], [297, 1703], [367, 1774], [368, 1778]], [[544, 435], [669, 495], [581, 586]], [[510, 623], [613, 645], [646, 656]], [[529, 1706], [670, 1739], [702, 1751], [705, 1775], [676, 1835], [643, 1845], [572, 1839], [516, 1820], [451, 1758], [497, 1673], [743, 1644], [831, 1685]]]}}
2021-01-12 16:40:47,710 main.py[line:153] ERROR {'error: ': ValueError("invalid literal for int() with base 10: ''")}
2021-01-12 16:40:47,725 main.py[line:125] INFO {'get_all_config': {'ids': [1, 2, 8, 10], 'pix_postion': [[[291, 1703], [297, 1703], [367, 1774], [368, 1778]], [[544, 435], [669, 495], [581, 586]], [[510, 623], [613, 645], [646, 656]], [[529, 1706], [670, 1739], [702, 1751], [705, 1775], [676, 1835], [643, 1845], [572, 1839], [516, 1820], [451, 1758], [497, 1673], [743, 1644], [831, 1685]]]}}
2021-01-12 16:41:00,857 main.py[line:125] INFO {'get_all_config': {'ids': [1, 2, 8, 10], 'pix_postion': [[[211, 1537], [276, 1536], [315, 1538], [379, 1540], [410, 1543], [454, 1543], [508, 1541], [549, 1543], [568, 1541], [740, 1541], [811, 1542], [873, 1542]], [[544, 435], [669, 495], [581, 586]], [[510, 623], [613, 645], [646, 656]], [[529, 1706], [670, 1739], [702, 1751], [705, 1775], [676, 1835], [643, 1845], [572, 1839], [516, 1820], [451, 1758], [497, 1673], [743, 1644], [831, 1685]]]}}
2021-01-12 16:41:04,900 main.py[line:153] ERROR {'error: ': ValueError("invalid literal for int() with base 10: ''")}
2021-01-12 16:41:04,920 main.py[line:125] INFO {'get_all_config': {'ids': [1, 2, 8, 10], 'pix_postion': [[[211, 1537], [276, 1536], [315, 1538], [379, 1540], [410, 1543], [454, 1543], [508, 1541], [549, 1543], [568, 1541], [740, 1541], [811, 1542], [873, 1542]], [[544, 435], [669, 495], [581, 586]], [[510, 623], [613, 645], [646, 656]], [[529, 1706], [670, 1739], [702, 1751], [705, 1775], [676, 1835], [643, 1845], [572, 1839], [516, 1820], [451, 1758], [497, 1673], [743, 1644], [831, 1685]]]}}
2021-01-12 16:41:22,777 main.py[line:125] INFO {'get_all_config': {'ids': [1, 2, 8, 10], 'pix_postion': [[[314, 1085], [420, 1165], [537, 1219], [709, 1195], [789, 1100], [896, 1175], [891, 1259], [752, 1314], [660, 1333], [425, 1341], [310, 1346], [189, 1303], [212, 1239], [275, 1226], [372, 1247], [485, 1285], [525, 1296], [540, 1311]], [[544, 435], [669, 495], [581, 586]], [[510, 623], [613, 645], [646, 656]], [[529, 1706], [670, 1739], [702, 1751], [705, 1775], [676, 1835], [643, 1845], [572, 1839], [516, 1820], [451, 1758], [497, 1673], [743, 1644], [831, 1685]]]}}
2021-01-12 16:41:27,415 main.py[line:153] ERROR {'error: ': ValueError("invalid literal for int() with base 10: ''")}
2021-01-12 16:41:27,439 main.py[line:125] INFO {'get_all_config': {'ids': [1, 2, 8, 10], 'pix_postion': [[[314, 1085], [420, 1165], [537, 1219], [709, 1195], [789, 1100], [896, 1175], [891, 1259], [752, 1314], [660, 1333], [425, 1341], [310, 1346], [189, 1303], [212, 1239], [275, 1226], [372, 1247], [485, 1285], [525, 1296], [540, 1311]], [[544, 435], [669, 495], [581, 586]], [[510, 623], [613, 645], [646, 656]], [[529, 1706], [670, 1739], [702, 1751], [705, 1775], [676, 1835], [643, 1845], [572, 1839], [516, 1820], [451, 1758], [497, 1673], [743, 1644], [831, 1685]]]}}
2021-01-13 13:33:55,112 main.py[line:125] INFO {'get_all_config': {'ids': [1], 'pix_postion': [[[401, 1141], [633, 1148], [497, 1308], [422, 1338], [368, 1340]]]}}
2021-01-13 13:34:08,823 main.py[line:125] INFO {'get_all_config': {'ids': [1, 2], 'pix_postion': [[[401, 1141], [633, 1148], [497, 1308], [422, 1338], [368, 1340]], [[387, 1448], [558, 1533], [566, 1678]]]}}
2021-01-13 20:34:32,040 main.py[line:153] ERROR {'error: ': ValueError("invalid literal for int() with base 10: ''")}
2021-01-13 20:34:32,097 main.py[line:135] INFO {'get_all_config': {'ids': [], 'pix_postion': []}}
2021-01-13 20:34:39,654 main.py[line:153] ERROR {'error: ': ValueError("invalid literal for int() with base 10: ''")}
2021-01-13 20:34:39,662 main.py[line:135] INFO {'get_all_config': {'ids': [], 'pix_postion': []}}
2021-01-13 20:44:34,039 main.py[line:135] INFO {'get_all_config': {'ids': [1], 'pix_postion': [1]}}
2021-01-13 20:46:03,675 main.py[line:153] ERROR {'error: ': ValueError("invalid literal for int() with base 10: ''")}
2021-01-13 20:46:03,750 main.py[line:135] INFO {'get_all_config': {'ids': [1], 'pix_postion': [1]}}
2021-01-13 20:48:30,536 main.py[line:135] INFO {'get_all_config': {'ids': [1], 'pix_postion': [1]}}
2021-01-13 20:49:08,177 main.py[line:135] INFO {'get_all_config': {'ids': [1], 'pix_postion': [1]}}
2021-01-13 20:49:08,186 main.py[line:135] INFO {'get_all_config': {'ids': [1], 'pix_postion': [1]}}
2021-01-13 20:49:08,198 main.py[line:135] INFO {'get_all_config': {'ids': [1], 'pix_postion': [1]}}
2021-01-13 20:49:08,209 main.py[line:135] INFO {'get_all_config': {'ids': [1], 'pix_postion': [1]}}
2021-01-13 20:55:37,446 main.py[line:153] ERROR {'error: ': ValueError("invalid literal for int() with base 10: ''")}
2021-01-13 20:55:37,523 main.py[line:135] INFO {'get_all_config': {'ids': [], 'pix_postion': []}}
2021-01-13 20:56:22,678 main.py[line:135] INFO {'get_all_config': {'ids': [1], 'pix_postion': [[[434, 1546], [692, 1528], [681, 1713]]]}}
2021-01-13 20:56:29,907 main.py[line:135] INFO {'get_all_config': {'ids': [1], 'pix_postion': [[[482, 1336], [805, 1348], [883, 1602]]]}}
2021-01-13 20:56:50,045 main.py[line:135] INFO {'get_all_config': {'ids': [1], 'pix_postion': [[[447, 1437], [670, 1456], [591, 1623], [804, 1650], [853, 1431]]]}}
2021-01-13 20:56:55,053 main.py[line:135] INFO {'get_all_config': {'ids': [1], 'pix_postion': [[[447, 1437], [670, 1456], [591, 1623], [804, 1650], [853, 1431]]]}}
2021-01-13 20:56:55,395 main.py[line:135] INFO {'get_all_config': {'ids': [1], 'pix_postion': [[[447, 1437], [670, 1456], [591, 1623], [804, 1650], [853, 1431]]]}}
2021-01-13 20:56:55,590 main.py[line:135] INFO {'get_all_config': {'ids': [1], 'pix_postion': [[[447, 1437], [670, 1456], [591, 1623], [804, 1650], [853, 1431]]]}}
2021-01-13 20:56:55,773 main.py[line:135] INFO {'get_all_config': {'ids': [1], 'pix_postion': [[[447, 1437], [670, 1456], [591, 1623], [804, 1650], [853, 1431]]]}}
2021-01-13 20:56:55,952 main.py[line:135] INFO {'get_all_config': {'ids': [1], 'pix_postion': [[[447, 1437], [670, 1456], [591, 1623], [804, 1650], [853, 1431]]]}}
2021-01-13 20:56:58,809 main.py[line:135] INFO {'get_all_config': {'ids': [1], 'pix_postion': [[[447, 1437], [670, 1456], [591, 1623], [804, 1650], [853, 1431]]]}}
2021-01-13 20:56:58,977 main.py[line:135] INFO {'get_all_config': {'ids': [1], 'pix_postion': [[[447, 1437], [670, 1456], [591, 1623], [804, 1650], [853, 1431]]]}}
2021-01-13 20:57:12,486 main.py[line:135] INFO {'get_all_config': {'ids': [1], 'pix_postion': [[[447, 1437], [670, 1456], [591, 1623], [804, 1650], [853, 1431]]]}}
2021-01-13 20:57:12,670 main.py[line:135] INFO {'get_all_config': {'ids': [1], 'pix_postion': [[[447, 1437], [670, 1456], [591, 1623], [804, 1650], [853, 1431]]]}}
2021-01-13 20:57:12,831 main.py[line:135] INFO {'get_all_config': {'ids': [1], 'pix_postion': [[[447, 1437], [670, 1456], [591, 1623], [804, 1650], [853, 1431]]]}}
2021-01-13 20:57:12,971 main.py[line:135] INFO {'get_all_config': {'ids': [1], 'pix_postion': [[[447, 1437], [670, 1456], [591, 1623], [804, 1650], [853, 1431]]]}}
2021-01-13 20:57:13,126 main.py[line:135] INFO {'get_all_config': {'ids': [1], 'pix_postion': [[[447, 1437], [670, 1456], [591, 1623], [804, 1650], [853, 1431]]]}}
2021-01-13 20:57:13,289 main.py[line:135] INFO {'get_all_config': {'ids': [1], 'pix_postion': [[[447, 1437], [670, 1456], [591, 1623], [804, 1650], [853, 1431]]]}}
2021-01-13 20:57:13,451 main.py[line:135] INFO {'get_all_config': {'ids': [1], 'pix_postion': [[[447, 1437], [670, 1456], [591, 1623], [804, 1650], [853, 1431]]]}}
2021-01-13 20:57:13,619 main.py[line:135] INFO {'get_all_config': {'ids': [1], 'pix_postion': [[[447, 1437], [670, 1456], [591, 1623], [804, 1650], [853, 1431]]]}}
2021-01-13 20:57:14,369 main.py[line:135] INFO {'get_all_config': {'ids': [1], 'pix_postion': [[[447, 1437], [670, 1456], [591, 1623], [804, 1650], [853, 1431]]]}}
2021-01-13 20:57:14,530 main.py[line:135] INFO {'get_all_config': {'ids': [1], 'pix_postion': [[[447, 1437], [670, 1456], [591, 1623], [804, 1650], [853, 1431]]]}}
2021-01-13 20:57:14,704 main.py[line:135] INFO {'get_all_config': {'ids': [1], 'pix_postion': [[[447, 1437], [670, 1456], [591, 1623], [804, 1650], [853, 1431]]]}}
2021-01-13 20:57:15,896 main.py[line:135] INFO {'get_all_config': {'ids': [1], 'pix_postion': [[[447, 1437], [670, 1456], [591, 1623], [804, 1650], [853, 1431]]]}}
2021-01-13 20:57:16,067 main.py[line:135] INFO {'get_all_config': {'ids': [1], 'pix_postion': [[[447, 1437], [670, 1456], [591, 1623], [804, 1650], [853, 1431]]]}}
2021-01-13 20:57:16,563 main.py[line:135] INFO {'get_all_config': {'ids': [1], 'pix_postion': [[[447, 1437], [670, 1456], [591, 1623], [804, 1650], [853, 1431]]]}}
2021-01-13 20:57:19,290 main.py[line:135] INFO {'get_all_config': {'ids': [1], 'pix_postion': [[[475, 1668], [593, 1756], [943, 1739]]]}}
2021-01-13 20:57:21,381 main.py[line:135] INFO {'get_all_config': {'ids': [1], 'pix_postion': [[[475, 1668], [593, 1756], [943, 1739]]]}}
2021-01-13 20:57:21,856 main.py[line:135] INFO {'get_all_config': {'ids': [1], 'pix_postion': [[[475, 1668], [593, 1756], [943, 1739]]]}}
2021-01-13 20:57:22,014 main.py[line:135] INFO {'get_all_config': {'ids': [1], 'pix_postion': [[[475, 1668], [593, 1756], [943, 1739]]]}}
2021-01-13 20:57:22,199 main.py[line:135] INFO {'get_all_config': {'ids': [1], 'pix_postion': [[[475, 1668], [593, 1756], [943, 1739]]]}}
2021-01-13 20:57:22,891 main.py[line:135] INFO {'get_all_config': {'ids': [1], 'pix_postion': [[[475, 1668], [593, 1756], [943, 1739]]]}}
2021-01-13 20:57:29,651 main.py[line:153] ERROR {'error: ': ValueError("invalid literal for int() with base 10: ''")}
2021-01-13 20:57:29,657 main.py[line:135] INFO {'get_all_config': {'ids': [1], 'pix_postion': [[[475, 1668], [593, 1756], [943, 1739]]]}}
2021-01-13 20:57:30,967 main.py[line:153] ERROR {'error: ': ValueError("invalid literal for int() with base 10: ''")}
2021-01-13 20:57:30,975 main.py[line:135] INFO {'get_all_config': {'ids': [1], 'pix_postion': [[[475, 1668], [593, 1756], [943, 1739]]]}}
2021-01-13 20:57:31,173 main.py[line:153] ERROR {'error: ': ValueError("invalid literal for int() with base 10: ''")}
2021-01-13 20:57:31,185 main.py[line:135] INFO {'get_all_config': {'ids': [1], 'pix_postion': [[[475, 1668], [593, 1756], [943, 1739]]]}}
2021-01-13 20:57:32,150 main.py[line:153] ERROR {'error: ': ValueError("invalid literal for int() with base 10: ''")}
2021-01-13 20:57:32,158 main.py[line:135] INFO {'get_all_config': {'ids': [1], 'pix_postion': [[[475, 1668], [593, 1756], [943, 1739]]]}}
2021-01-13 20:57:32,332 main.py[line:153] ERROR {'error: ': ValueError("invalid literal for int() with base 10: ''")}
2021-01-13 20:57:32,344 main.py[line:135] INFO {'get_all_config': {'ids': [1], 'pix_postion': [[[475, 1668], [593, 1756], [943, 1739]]]}}
2021-01-13 20:57:32,444 main.py[line:153] ERROR {'error: ': ValueError("invalid literal for int() with base 10: ''")}
2021-01-13 20:57:32,452 main.py[line:135] INFO {'get_all_config': {'ids': [1], 'pix_postion': [[[475, 1668], [593, 1756], [943, 1739]]]}}
2021-01-13 20:57:34,289 main.py[line:153] ERROR {'error: ': ValueError("invalid literal for int() with base 10: ''")}
2021-01-13 20:57:34,300 main.py[line:135] INFO {'get_all_config': {'ids': [1], 'pix_postion': [[[475, 1668], [593, 1756], [943, 1739]]]}}
2021-01-13 20:57:34,462 main.py[line:153] ERROR {'error: ': ValueError("invalid literal for int() with base 10: ''")}
2021-01-13 20:57:34,470 main.py[line:135] INFO {'get_all_config': {'ids': [1], 'pix_postion': [[[475, 1668], [593, 1756], [943, 1739]]]}}
2021-01-13 20:57:43,606 main.py[line:135] INFO {'get_all_config': {'ids': [1], 'pix_postion': [[[787, 1398], [758, 1638], [898, 1716]]]}}
2021-01-13 20:57:46,072 main.py[line:135] INFO {'get_all_config': {'ids': [1], 'pix_postion': [[[375, 1355], [547, 1301], [490, 1535]]]}}
2021-01-13 20:57:51,463 main.py[line:153] ERROR {'error: ': ValueError("invalid literal for int() with base 10: ''")}
2021-01-13 20:57:51,471 main.py[line:135] INFO {'get_all_config': {'ids': [1], 'pix_postion': [[[375, 1355], [547, 1301], [490, 1535]]]}}
2021-01-13 20:58:12,126 main.py[line:135] INFO {'get_all_config': {'ids': [1, 2], 'pix_postion': [[[375, 1355], [547, 1301], [490, 1535]], [[577, 1622], [751, 1566], [918, 1729]]]}}
2021-01-13 20:58:26,522 main.py[line:135] INFO {'get_all_config': {'ids': [1, 2], 'pix_postion': [[[315, 1700], [471, 1740], [486, 1830], [691, 1742]], [[577, 1622], [751, 1566], [918, 1729]]]}}
2021-01-13 20:58:33,594 main.py[line:135] INFO {'get_all_config': {'ids': [1, 2], 'pix_postion': [[[512, 1561], [695, 1575], [566, 1717], [718, 1722]], [[577, 1622], [751, 1566], [918, 1729]]]}}
2021-01-13 20:58:50,038 main.py[line:153] ERROR {'error: ': ValueError("invalid literal for int() with base 10: ''")}
2021-01-13 20:58:50,125 main.py[line:135] INFO {'get_all_config': {'ids': [1, 2], 'pix_postion': [[[512, 1561], [695, 1575], [566, 1717], [718, 1722]], [[577, 1622], [751, 1566], [918, 1729]]]}}
2021-01-13 20:58:53,065 main.py[line:153] ERROR {'error: ': ValueError("invalid literal for int() with base 10: ''")}
2021-01-13 20:58:53,075 main.py[line:135] INFO {'get_all_config': {'ids': [1, 2], 'pix_postion': [[[512, 1561], [695, 1575], [566, 1717], [718, 1722]], [[577, 1622], [751, 1566], [918, 1729]]]}}
2021-01-13 20:58:57,858 main.py[line:153] ERROR {'error: ': ValueError("invalid literal for int() with base 10: ''")}
2021-01-13 20:58:57,873 main.py[line:135] INFO {'get_all_config': {'ids': [1, 2], 'pix_postion': [[[512, 1561], [695, 1575], [566, 1717], [718, 1722]], [[577, 1622], [751, 1566], [918, 1729]]]}}
2021-01-13 20:59:06,806 main.py[line:153] ERROR {'error: ': ValueError("invalid literal for int() with base 10: ''")}
2021-01-13 20:59:06,813 main.py[line:135] INFO {'get_all_config': {'ids': [1, 2], 'pix_postion': [[[512, 1561], [695, 1575], [566, 1717], [718, 1722]], [[577, 1622], [751, 1566], [918, 1729]]]}}
