2021-01-11 13:56:51,762 main.py[line:246] INFO {'(x, y, w, h) ': (114429411, 30518837, 4551, 7131)}
2021-01-11 13:56:51,768 main.py[line:262] INFO {'self.pix_cnts': [[499, 1999], [951, 1797], [1113, 1264], [1143, 849], [951, 502], [1276, 212], [638, 0], [277, 170], [84, 606], [0, 1569]]}
2021-01-11 14:00:37,626 main.py[line:246] INFO {'(x, y, w, h) ': (114429411, 30518837, 4551, 7131)}
2021-01-11 14:00:37,626 main.py[line:262] INFO {'self.pix_cnts': [[499, 1999], [951, 1797], [1113, 1264], [1143, 849], [951, 502], [1276, 212], [638, 0], [277, 170], [84, 606], [0, 1569]]}
2021-01-11 14:00:54,546 main.py[line:390] DEBUG {'com_data_read': 'AA001,0.000000,0.000000,5.000000,0.900000,181.190000'}
2021-01-11 14:00:58,565 main.py[line:390] DEBUG {'com_data_read': 'AA001,0.000000,0.000000,5.000000,0.900000,181.700000'}
2021-01-11 14:01:02,586 main.py[line:390] DEBUG {'com_data_read': 'AA001,0.000000,0.000000,5.000000,0.900000,181.100000'}
2021-01-11 14:01:06,605 main.py[line:390] DEBUG {'com_data_read': 'AA001,0.000000,0.000000,5.000000,0.900000,181.190000'}
2021-01-11 14:01:10,625 main.py[line:390] DEBUG {'com_data_read': 'AA001,0.000000,0.000000,5.000000,0.900000,181.160000'}
2021-01-11 14:01:14,645 main.py[line:390] DEBUG {'com_data_read': 'AA001,0.000000,0.000000,5.000000,0.900000,181.190000'}
2021-01-11 14:01:18,664 main.py[line:390] DEBUG {'com_data_read': 'AA001,0.000000,0.000000,5.000000,0.900000,181.220000'}
2021-01-11 14:01:22,685 main.py[line:390] DEBUG {'com_data_read': 'AA001,0.000000,0.000000,5.000000,0.900000,181.100000'}
2021-01-11 14:01:26,705 main.py[line:390] DEBUG {'com_data_read': 'AA001,0.000000,0.000000,5.000000,0.900000,181.400000'}
2021-01-11 14:01:30,724 main.py[line:390] DEBUG {'com_data_read': 'AA001,0.000000,0.000000,5.000000,0.900000,181.700000'}
2021-01-11 14:01:31,683 main.py[line:324] INFO {'ship_obj.config_ship_lng_lats_dict': {1: [[114.430709, 30.523843], [114.431568, 30.523711], [114.431311, 30.524417]]}}
2021-01-11 14:01:31,683 main.py[line:331] INFO {'com_data_send': 'BB001,114.430709,30.523843,114.431568,30.523711,114.431311,30.524417#$'}
2021-01-11 14:01:32,193 main.py[line:336] INFO {'ship_obj.config_ship_lng_lats_dict': {1: 1}}
2021-01-11 14:01:32,193 main.py[line:340] INFO {'control_data_send': 'CC001,1#$'}
2021-01-11 14:01:33,185 main.py[line:390] DEBUG {'com_data_read': 'AA001,0.000000,0.000000,5.000000,0.900000,181.700000'}
2021-01-11 14:01:37,204 main.py[line:390] DEBUG {'com_data_read': 'AA001,0.000000,0.000000,5.000000,0.900000,181.700000'}
2021-01-11 14:01:41,223 main.py[line:390] DEBUG {'com_data_read': 'AA001,0.000000,0.000000,5.000000,0.900000,181.400000'}
2021-01-11 14:01:45,244 main.py[line:390] DEBUG {'com_data_read': 'AA001,0.000000,0.000000,5.000000,0.900000,181.700000'}
2021-01-11 14:01:49,264 main.py[line:390] DEBUG {'com_data_read': 'AA001,0.000000,0.000000,5.000000,0.900000,181.400000'}
2021-01-11 14:01:53,284 main.py[line:390] DEBUG {'com_data_read': 'AA001,0.000000,0.000000,5.000000,0.900000,181.100000'}
2021-01-11 14:01:57,303 main.py[line:390] DEBUG {'com_data_read': 'AA001,0.000000,0.000000,5.000000,0.900000,181.400000'}
2021-01-11 14:02:01,324 main.py[line:390] DEBUG {'com_data_read': 'AA001,0.000000,0.000000,5.000000,0.900000,181.700000'}
2021-01-11 14:02:05,343 main.py[line:390] DEBUG {'com_data_read': 'AA001,0.000000,0.000000,5.000000,0.900000,181.400000'}
2021-01-11 14:02:09,363 main.py[line:390] DEBUG {'com_data_read': 'AA001,0.000000,0.000000,5.000000,0.900000,181.400000'}
2021-01-11 14:02:13,382 main.py[line:390] DEBUG {'com_data_read': 'AA001,0.000000,0.000000,5.000000,0.900000,181.700000'}
2021-01-11 14:02:17,404 main.py[line:390] DEBUG {'com_data_read': 'AA001,0.000000,0.000000,5.000000,0.900000,181.400000'}
2021-01-12 11:09:14,311 main.py[line:248] INFO {'(x, y, w, h) ': (114429411, 30518837, 4551, 7131)}
2021-01-12 11:09:14,344 main.py[line:264] INFO {'self.pix_cnts': [[499, 1999], [951, 1797], [1113, 1264], [1143, 849], [951, 502], [1276, 212], [638, 0], [277, 170], [84, 606], [0, 1569]]}
2021-01-12 11:12:35,000 main.py[line:249] INFO {'(x, y, w, h) ': (114429411, 30518837, 4551, 7131)}
2021-01-12 11:12:35,016 main.py[line:265] INFO {'self.pix_cnts': [[499, 1999], [951, 1797], [1113, 1264], [1143, 849], [951, 502], [1276, 212], [638, 0], [277, 170], [84, 606], [0, 1569]]}
2021-01-12 14:04:21,528 main.py[line:275] INFO {'(x, y, w, h) ': (114429411, 30518837, 4551, 7131)}
2021-01-12 14:04:21,545 main.py[line:291] INFO {'self.pix_cnts': [[499, 1999], [951, 1797], [1113, 1264], [1143, 849], [951, 502], [1276, 212], [638, 0], [277, 170], [84, 606], [0, 1569]]}
2021-01-12 14:04:28,858 main.py[line:275] INFO {'(x, y, w, h) ': (114429411, 30518837, 4551, 7131)}
2021-01-12 14:04:28,858 main.py[line:291] INFO {'self.pix_cnts': [[499, 1999], [951, 1797], [1113, 1264], [1143, 849], [951, 502], [1276, 212], [638, 0], [277, 170], [84, 606], [0, 1569]]}
2021-01-12 14:10:30,376 main.py[line:279] INFO {'(x, y, w, h) ': (114429411, 30518837, 4551, 7131)}
2021-01-12 14:10:30,377 main.py[line:295] INFO {'self.pix_cnts': [[499, 1999], [951, 1797], [1113, 1264], [1143, 849], [951, 502], [1276, 212], [638, 0], [277, 170], [84, 606], [0, 1569]]}
2021-01-12 14:12:51,720 main.py[line:280] INFO {'(x, y, w, h) ': (114429411, 30518837, 4551, 7131)}
2021-01-12 14:12:51,721 main.py[line:296] INFO {'self.pix_cnts': [[499, 1999], [951, 1797], [1113, 1264], [1143, 849], [951, 502], [1276, 212], [638, 0], [277, 170], [84, 606], [0, 1569]]}
2021-01-12 14:25:53,500 main.py[line:281] INFO {'(x, y, w, h) ': (114429411, 30518837, 4551, 7131)}
2021-01-12 14:25:53,500 main.py[line:297] INFO {'self.pix_cnts': [[499, 1999], [951, 1797], [1113, 1264], [1143, 849], [951, 502], [1276, 212], [638, 0], [277, 170], [84, 606], [0, 1569]]}
2021-01-12 14:26:04,301 main.py[line:281] INFO {'(x, y, w, h) ': (114429411, 30518837, 4551, 7131)}
2021-01-12 14:26:04,302 main.py[line:297] INFO {'self.pix_cnts': [[499, 1999], [951, 1797], [1113, 1264], [1143, 849], [951, 502], [1276, 212], [638, 0], [277, 170], [84, 606], [0, 1569]]}
2021-01-12 14:26:42,349 main.py[line:281] INFO {'(x, y, w, h) ': (114429411, 30518837, 4551, 7131)}
2021-01-12 14:26:42,349 main.py[line:297] INFO {'self.pix_cnts': [[499, 1999], [951, 1797], [1113, 1264], [1143, 849], [951, 502], [1276, 212], [638, 0], [277, 170], [84, 606], [0, 1569]]}
2021-01-12 15:14:06,219 main.py[line:294] INFO {'(x, y, w, h) ': (114429411, 30518837, 4551, 7131)}
2021-01-12 15:14:06,219 main.py[line:310] INFO {'self.pix_cnts': [[499, 1999], [951, 1797], [1113, 1264], [1143, 849], [951, 502], [1276, 212], [638, 0], [277, 170], [84, 606], [0, 1569]]}
2021-01-13 13:33:03,669 main.py[line:294] INFO {'(x, y, w, h) ': (114429411, 30518837, 4551, 7131)}
2021-01-13 13:33:03,681 main.py[line:310] INFO {'self.pix_cnts': [[499, 1999], [951, 1797], [1113, 1264], [1143, 849], [951, 502], [1276, 212], [638, 0], [277, 170], [84, 606], [0, 1569]]}
2021-01-13 20:34:14,423 main.py[line:294] INFO {'(x, y, w, h) ': (114429411, 30518837, 4551, 7131)}
2021-01-13 20:34:14,445 main.py[line:310] INFO {'self.pix_cnts': [[499, 1999], [951, 1797], [1113, 1264], [1143, 849], [951, 502], [1276, 212], [638, 0], [277, 170], [84, 606], [0, 1569]]}
2021-01-13 20:40:07,346 main.py[line:294] INFO {'(x, y, w, h) ': (114429411, 30518837, 4551, 7131)}
2021-01-13 20:40:07,346 main.py[line:310] INFO {'self.pix_cnts': [[499, 1999], [951, 1797], [1113, 1264], [1143, 849], [951, 502], [1276, 212], [638, 0], [277, 170], [84, 606], [0, 1569]]}
2021-01-13 20:40:56,372 main.py[line:294] INFO {'(x, y, w, h) ': (114429411, 30518837, 4551, 7131)}
2021-01-13 20:40:56,372 main.py[line:310] INFO {'self.pix_cnts': [[499, 1999], [951, 1797], [1113, 1264], [1143, 849], [951, 502], [1276, 212], [638, 0], [277, 170], [84, 606], [0, 1569]]}
2021-01-13 20:41:14,252 main.py[line:439] DEBUG {'com_data_read': 'AA001,114.424791,30.506550,5.000000,0.900000,324.660000,z:9821531.229881'}
2021-01-13 20:43:55,941 main.py[line:294] INFO {'(x, y, w, h) ': (114429411, 30518837, 4551, 7131)}
2021-01-13 20:43:55,942 main.py[line:310] INFO {'self.pix_cnts': [[499, 1999], [951, 1797], [1113, 1264], [1143, 849], [951, 502], [1276, 212], [638, 0], [277, 170], [84, 606], [0, 1569]]}
2021-01-13 20:44:12,007 main.py[line:439] DEBUG {'com_data_read': 'AA001,114.424790,30.506552,5.000000,0.900000,324.590000,z:9821531.056479'}
2021-01-13 20:44:16,047 main.py[line:439] DEBUG {'com_data_read': 'AA001,114.424790,30.506552,5.000000,0.900000,324.570000,z:9821531.031455'}
2021-01-13 20:44:20,086 main.py[line:439] DEBUG {'com_data_read': 'AA001,114.424790,30.506551,5.000000,0.900000,324.530000,z:9821531.117838'}
2021-01-13 20:44:24,127 main.py[line:439] DEBUG {'com_data_read': 'AA001,114.424792,30.506551,5.000000,0.900000,324.440000,z:9821531.217933'}
2021-01-13 20:44:28,167 main.py[line:439] DEBUG {'com_data_read': 'AA001,114.424793,30.506550,5.000000,0.900000,324.390000,z:9821531.293004'}
2021-01-13 20:44:32,207 main.py[line:439] DEBUG {'com_data_read': 'AA001,114.424794,30.506548,5.000000,0.900000,324.500000,z:9821531.421306'}
2021-01-13 20:44:36,246 main.py[line:439] DEBUG {'com_data_read': 'AA001,114.424795,30.506547,5.000000,0.900000,324.390000,z:9821531.522674'}
2021-01-13 20:44:40,286 main.py[line:439] DEBUG {'com_data_read': 'AA001,114.424795,30.506548,5.000000,0.900000,324.580000,z:9821531.495741'}
2021-01-13 20:44:44,326 main.py[line:439] DEBUG {'com_data_read': 'AA001,114.424795,30.506549,5.000000,0.900000,324.450000,z:9821531.485702'}
2021-01-13 20:44:48,366 main.py[line:439] DEBUG {'com_data_read': 'AA001,114.424795,30.506547,5.000000,0.900000,324.500000,z:9821531.580214'}
2021-01-13 20:44:52,405 main.py[line:439] DEBUG {'com_data_read': 'AA001,114.424795,30.506547,5.000000,0.900000,324.620000,z:9821531.555190'}
2021-01-13 20:44:56,446 main.py[line:439] DEBUG {'com_data_read': 'AA001,114.424795,30.506548,5.000000,0.900000,324.510000,z:9821531.537023'}
2021-01-13 20:45:00,486 main.py[line:439] DEBUG {'com_data_read': 'AA001,114.424795,30.506549,5.000000,0.900000,324.560000,z:9821531.476300'}
2021-01-13 20:45:04,525 main.py[line:439] DEBUG {'com_data_read': 'AA001,114.424795,30.506549,5.000000,0.900000,324.490000,z:9821531.460678'}
2021-01-13 20:45:08,565 main.py[line:439] DEBUG {'com_data_read': 'AA001,114.424795,30.506549,5.000000,0.900000,324.540000,z:9821531.476300'}
2021-01-13 20:45:57,795 main.py[line:439] DEBUG {'com_data_read': 'AA001,114.424795,30.506550,5.000000,0.900000,324.520000,z:9821531.390553'}
2021-01-13 20:45:57,800 main.py[line:439] DEBUG {'com_data_read': 'AA001,114.424795,30.506549,5.000000,0.900000,324.580000,z:9821531.450003'}
2021-01-13 20:45:57,805 main.py[line:439] DEBUG {'com_data_read': 'AA001,114.424796,30.506549,5.000000,0.900000,324.450000,z:9821531.491922'}
2021-01-13 20:45:57,820 main.py[line:439] DEBUG {'com_data_read': 'AA001,114.424796,30.506549,5.000000,0.900000,324.460000,z:9821531.481883'}
2021-01-13 20:45:57,829 main.py[line:439] DEBUG {'com_data_read': 'AA001,114.424796,30.506549,5.000000,0.900000,324.570000,z:9821531.533204'}
2021-01-13 20:45:57,835 main.py[line:439] DEBUG {'com_data_read': 'AA001,114.424797,30.506548,5.000000,0.900000,324.470000,z:9821531.627079'}
2021-01-13 20:45:57,846 main.py[line:439] DEBUG {'com_data_read': 'AA001,114.424797,30.506548,5.000000,0.900000,324.480000,z:9821531.617677'}
2021-01-13 20:45:57,856 main.py[line:439] DEBUG {'com_data_read': 'AA001,114.424797,30.506549,5.000000,0.900000,324.450000,z:9821531.573849'}
2021-01-13 20:45:57,866 main.py[line:439] DEBUG {'com_data_read': 'AA001,114.424798,30.506547,5.000000,0.900000,324.450000,z:9821531.701514'}
2021-01-13 20:45:57,869 main.py[line:439] DEBUG {'com_data_read': 'AA001,114.424799,30.506547,5.000000,0.900000,324.520000,z:9821531.811011'}
2021-01-13 20:45:57,871 main.py[line:439] DEBUG {'com_data_read': 'AA001,114.424800,30.506548,5.000000,0.900000,322.870000,z:9821531.722719'}
2021-01-13 20:45:57,873 main.py[line:439] DEBUG {'com_data_read': 'AA001,114.424800,30.506549,5.000000,0.900000,322.890000,z:9821531.669489'}
2021-01-13 20:46:01,085 main.py[line:439] DEBUG {'com_data_read': 'AA001,114.424799,30.506549,5.000000,0.900000,322.800000,z:9821531.679527'}
2021-01-13 20:46:05,125 main.py[line:439] DEBUG {'com_data_read': 'AA001,114.424799,30.506548,5.000000,0.900000,322.500000,z:9821531.706461'}
2021-01-13 20:46:09,163 main.py[line:439] DEBUG {'com_data_read': 'AA001,114.424800,30.506548,5.000000,0.900000,322.600000,z:9821531.739613'}
2021-01-13 20:46:13,203 main.py[line:439] DEBUG {'com_data_read': 'AA001,114.424800,30.506548,5.000000,0.900000,322.700000,z:9821531.789661'}
2021-01-13 20:46:14,336 main.py[line:372] INFO {'ship_obj.config_ship_lng_lats_dict': {1: [[114.430727, 30.523736], [114.431347, 30.523818], [114.43103, 30.524581]]}}
2021-01-13 20:46:14,337 main.py[line:379] INFO {'com_data_send': 'BB001,114.430727,30.523736,114.431347,30.523818,114.43103,30.524581#$'}
2021-01-13 20:46:14,418 main.py[line:385] INFO {'ship_obj.config_ship_lng_lats_dict': {1: 1}}
2021-01-13 20:46:14,418 main.py[line:389] INFO {'control_data_send': 'CC001,1#$'}
2021-01-13 20:46:19,202 main.py[line:439] DEBUG {'com_data_read': 'AA001,114.424800,30.506546,5.000000,0.900000,322.800000,z:1994.500634'}
2021-01-13 20:46:23,241 main.py[line:439] DEBUG {'com_data_read': 'AA001,114.424800,30.506544,5.000000,0.900000,322.400000,z:1994.660565'}
2021-01-13 20:46:27,282 main.py[line:439] DEBUG {'com_data_read': 'AA001,114.424801,30.506543,5.000000,0.900000,322.900000,z:1994.811402'}
2021-01-13 20:46:31,322 main.py[line:439] DEBUG {'com_data_read': 'AA001,114.424801,30.506542,5.000000,0.900000,322.800000,z:1994.860167'}
2021-01-13 20:48:08,022 main.py[line:439] DEBUG {'com_data_read': 'AA001,114.424801,30.506544,5.000000,0.900000,322.850000,z:1994.727098'}
2021-01-13 20:48:08,039 main.py[line:439] DEBUG {'com_data_read': 'AA001,114.424800,30.506546,5.000000,0.900000,322.900000,z:1994.549818'}
2021-01-13 20:48:08,052 main.py[line:439] DEBUG {'com_data_read': 'AA001,114.424800,30.506546,5.000000,0.900000,322.200000,z:1994.487835'}
2021-01-13 20:48:08,058 main.py[line:439] DEBUG {'com_data_read': 'AA001,114.424799,30.506546,5.000000,0.900000,322.020000,z:1994.456844'}
2021-01-13 20:48:08,081 main.py[line:439] DEBUG {'com_data_read': 'AA001,114.424799,30.506547,5.000000,0.900000,322.120000,z:1994.448172'}
2021-01-13 20:48:08,113 main.py[line:439] DEBUG {'com_data_read': 'AA001,114.424800,30.506546,5.000000,0.900000,321.500000,z:1994.523374'}
2021-01-13 20:48:08,119 main.py[line:439] DEBUG {'com_data_read': 'AA001,114.424800,30.506545,5.000000,0.900000,321.210000,z:1994.594453'}
2021-01-13 20:48:08,135 main.py[line:439] DEBUG {'com_data_read': 'AA001,114.424799,30.506545,5.000000,0.900000,321.190000,z:1994.599002'}
2021-01-13 20:48:08,153 main.py[line:439] DEBUG {'com_data_read': 'AA001,114.424799,30.506548,5.000000,0.900000,321.150000,z:1994.386192'}
2021-01-13 20:48:08,158 main.py[line:439] DEBUG {'com_data_read': 'AA001,114.424798,30.506550,5.000000,0.900000,321.130000,z:1994.146521'}
2021-01-13 20:48:08,166 main.py[line:439] DEBUG {'com_data_read': 'AA001,114.424798,30.506549,5.000000,0.900000,324.160000,z:1994.182059'}
2021-01-13 20:48:08,179 main.py[line:439] DEBUG {'com_data_read': 'AA001,114.424798,30.506549,5.000000,0.900000,324.150000,z:1994.222147'}
2021-01-13 20:48:08,192 main.py[line:439] DEBUG {'com_data_read': 'AA001,114.424798,30.506551,5.000000,0.900000,324.110000,z:1994.089095'}
2021-01-13 20:48:08,203 main.py[line:439] DEBUG {'com_data_read': '114.424798,30.506551,5.000000,0.900000,324.130000,z:1994.080428'}
2021-01-13 20:48:08,219 main.py[line:439] DEBUG {'com_data_read': 'AA001,114.424797,30.506552,5.000000,0.900000,324.160000,z:1993.956483'}
2021-01-13 20:48:08,227 main.py[line:439] DEBUG {'com_data_read': 'AA001,114.424796,30.506554,5.000000,0.900000,324.150000,z:1993.766022'}
2021-01-13 20:48:08,239 main.py[line:439] DEBUG {'com_data_read': 'AA001,114.424796,30.506553,5.000000,0.900000,324.130000,z:1993.815217'}
2021-01-13 20:48:08,253 main.py[line:439] DEBUG {'com_data_read': 'AA001,114.424795,30.506551,5.000000,0.900000,324.120000,z:1994.050757'}
2021-01-13 20:48:08,262 main.py[line:439] DEBUG {'com_data_read': 'AA001,114.424795,30.506552,5.000000,0.900000,324.090000,z:1994.037541'}
2021-01-13 20:48:08,266 main.py[line:439] DEBUG {'com_data_read': 'AA001,114.424795,30.506554,5.000000,0.900000,324.050000,z:1993.793341'}
2021-01-13 20:48:08,268 main.py[line:439] DEBUG {'com_data_read': 'AA001,114.424795,30.506556,5.000000,0.900000,324.060000,z:1993.553698'}
2021-01-13 20:48:08,269 main.py[line:439] DEBUG {'com_data_read': '114.424795,30.506557,5.000000,0.900000,324.040000,z:1993.487182'}
2021-01-13 20:48:08,270 main.py[line:439] DEBUG {'com_data_read': 'AA001,114.424794,30.506558,5.000000,0.900000,324.040000,z:1993.349596'}
2021-01-13 20:48:08,278 main.py[line:439] DEBUG {'com_data_read': 'AA001,114.424794,30.506558,5.000000,0.900000,324.140000,z:1993.340939'}
2021-01-13 20:48:13,422 main.py[line:439] DEBUG {'com_data_read': 'AA001,-44746386677487992.000000,0.000000,-92559653432219392000000000000000000000000000000000000000000000.000000,-0.000000,-2159331725507078400000000000000000000000000000000000000000000000000000000000000000000000000000000000000000000000000000000000000000000000000000000000000000000000000000000'}
2021-01-13 20:48:16,440 main.py[line:439] DEBUG {'com_data_read': 'AA001,114.424794,30.506559,5.000000,0.900000,324.070000,z:1993.292192'}
2021-01-13 20:48:20,479 main.py[line:439] DEBUG {'com_data_read': 'AA001,114.424794,30.506560,5.000000,0.900000,324.070000,z:1993.243446'}
2021-01-13 20:48:24,518 main.py[line:439] DEBUG {'com_data_read': 'AA001,114.424794,30.506559,5.000000,0.900000,324.120000,z:1993.265769'}
2021-01-13 20:48:28,558 main.py[line:439] DEBUG {'com_data_read': 'AA001,114.424794,30.506560,5.000000,0.900000,324.050000,z:1993.159166'}
2021-01-13 20:48:32,598 main.py[line:439] DEBUG {'com_data_read': 'AA001,114.424794,30.506562,5.000000,0.900000,324.070000,z:1993.012473'}
2021-01-13 20:48:36,639 main.py[line:439] DEBUG {'com_data_read': 'AA001,114.424794,30.506564,5.000000,0.900000,324.110000,z:1992.701322'}
2021-01-13 20:49:08,004 main.py[line:439] DEBUG {'com_data_read': 'AA001,114.424795,30.506562,5.000000,0.900000,324.100000,z:1992.905414'}
2021-01-13 20:49:08,049 main.py[line:439] DEBUG {'com_data_read': 'AA001,114.424795,30.506563,5.000000,0.900000,324.190000,z:1992.820677'}
2021-01-13 20:49:08,077 main.py[line:439] DEBUG {'com_data_read': 'AA001,114.424796,30.506564,5.000000,0.900000,324.100000,z:1992.731386'}
2021-01-13 20:49:08,086 main.py[line:439] DEBUG {'com_data_read': 'AA001,114.424796,30.506566,5.000000,0.900000,324.070000,z:1992.459867'}
2021-01-13 20:49:08,091 main.py[line:439] DEBUG {'com_data_read': 'AA001,114.424797,30.506566,5.000000,0.900000,324.110000,z:1992.410666'}
2021-01-13 20:49:08,092 main.py[line:439] DEBUG {'com_data_read': 'AA001,114.424797,30.506566,5.000000,0.900000,324.060000,z:1992.459413'}
2021-01-13 20:49:08,093 main.py[line:439] DEBUG {'com_data_read': 'AA001,114.424798,30.506565,5.000000,0.900000,324.130000,z:1992.516820'}
2021-01-13 20:49:08,957 main.py[line:439] DEBUG {'com_data_read': 'AA001,114.424798,30.506564,5.000000,0.900000,324.070000,z:1992.632085'}
2021-01-13 20:49:12,997 main.py[line:439] DEBUG {'com_data_read': 'AA001,114.424798,30.506563,5.000000,0.900000,324.010000,z:1992.760568'}
2021-01-13 20:53:49,732 main.py[line:439] DEBUG {'com_data_read': 'AA001,114.424799,30.506563,5.000000,0.900000,324.110000,z:1992.764678'}
2021-01-13 20:53:49,735 main.py[line:439] DEBUG {'com_data_read': 'AA001,114.424799,30.506564,5.000000,0.900000,323.900000,z:1992.648963'}
2021-01-13 20:53:49,737 main.py[line:439] DEBUG {'com_data_read': 'AA001,114.424800,30.506564,5.000000,0.900000,324.020000,z:1992.568784'}
2021-01-13 20:53:49,739 main.py[line:439] DEBUG {'com_data_read': 'AA001,114.424800,30.506566,5.000000,0.900000,324.070000,z:1992.426639'}
2021-01-13 20:53:49,741 main.py[line:439] DEBUG {'com_data_read': 'AA001,114.424799,30.506567,5.000000,0.900000,324.030000,z:1992.342352'}
2021-01-13 20:53:49,743 main.py[line:439] DEBUG {'com_data_read': '114.424800,30.506566,5.000000,0.900000,324.060000,z:1992.355566'}
2021-01-13 20:53:49,767 main.py[line:439] DEBUG {'com_data_read': 'AA001,114.424800,30.506566,5.000000,0.900000,324.020000,z:1992.333245'}
2021-01-13 20:53:49,785 main.py[line:439] DEBUG {'com_data_read': 'AA001,114.424800,30.506568,5.000000,0.900000,324.110000,z:1992.195654'}
2021-01-13 20:53:49,791 main.py[line:439] DEBUG {'com_data_read': 'AA001,114.424800,30.506569,5.000000,0.900000,324.010000,z:1992.089047'}
2021-01-13 20:53:49,808 main.py[line:439] DEBUG {'com_data_read': 'AA001,114.424800,30.506568,5.000000,0.900000,324.040000,z:1992.120029'}
2021-01-13 20:53:49,813 main.py[line:439] DEBUG {'com_data_read': 'AA001,114.424800,30.506569,5.000000,0.900000,324.090000,z:1992.071279'}
2021-01-13 20:53:49,823 main.py[line:439] DEBUG {'com_data_read': 'AA001,114.424799,30.506570,5.000000,0.900000,324.040000,z:1991.938246'}
2021-01-13 20:53:49,827 main.py[line:439] DEBUG {'com_data_read': 'AA001,114.424799,30.506569,5.000000,0.900000,324.120000,z:1992.076283'}
2021-01-13 20:53:49,834 main.py[line:439] DEBUG {'com_data_read': 'AA001,114.424799,30.506569,5.000000,0.900000,324.460000,z:1992.134140'}
2021-01-13 20:53:49,847 main.py[line:439] DEBUG {'com_data_read': 'AA001,114.424799,30.506568,5.000000,0.900000,324.620000,z:1992.200656'}
2021-01-13 20:53:49,849 main.py[line:439] DEBUG {'com_data_read': 'AA001,114.424799,30.506569,5.000000,0.900000,324.690000,z:1992.134140'}
2021-01-13 20:53:49,863 main.py[line:439] DEBUG {'com_data_read': 'AA001,114.424798,30.506570,5.000000,0.900000,324.540000,z:1991.996554'}
2021-01-13 20:53:49,874 main.py[line:439] DEBUG {'com_data_read': 'AA001,114.424798,30.506571,5.000000,0.900000,324.610000,z:1991.907717'}
2021-01-13 20:53:49,887 main.py[line:439] DEBUG {'com_data_read': 'AA001,114.424798,30.506573,5.000000,0.900000,324.600000,z:1991.716832'}
2021-01-13 20:53:49,899 main.py[line:439] DEBUG {'com_data_read': 'AA001,114.424798,30.506573,5.000000,0.900000,324.580000,z:1991.694509'}
2021-01-13 20:53:49,912 main.py[line:439] DEBUG {'com_data_read': 'AA001,114.424799,30.506572,5.000000,0.900000,324.590000,z:1991.743256'}
2021-01-13 20:53:49,934 main.py[line:439] DEBUG {'com_data_read': 'AA001,114.424799,30.506573,5.000000,0.900000,324.570000,z:1991.703166'}
2021-01-13 20:53:49,969 main.py[line:439] DEBUG {'com_data_read': 'AA001,114.424799,30.506571,5.000000,0.900000,324.560000,z:1991.765125'}
2021-01-13 20:53:49,980 main.py[line:439] DEBUG {'com_data_read': 'AA001,114.424800,30.506568,5.000000,0.900000,324.660000,z:1992.137797'}
2021-01-13 20:53:49,985 main.py[line:439] DEBUG {'com_data_read': 'AA001,114.424800,30.506564,5.000000,0.900000,324.550000,z:1992.590663'}
2021-01-13 20:53:49,987 main.py[line:439] DEBUG {'com_data_read': 'AA001,114.424800,30.506564,5.000000,0.900000,324.510000,z:1992.568784'}
2021-01-13 20:53:49,988 main.py[line:439] DEBUG {'com_data_read': 'AA001,114.424800,30.506565,5.000000,0.900000,324.590000,z:1992.462175'}
2021-01-13 20:53:49,990 main.py[line:439] DEBUG {'com_data_read': 'AA001,114.424800,30.506566,5.000000,0.900000,324.570000,z:1992.408871'}
2021-01-13 20:53:49,991 main.py[line:439] DEBUG {'com_data_read': 'AA001,114.424799,30.506565,5.000000,0.900000,324.620000,z:1992.435745'}
2021-01-13 20:53:49,995 main.py[line:439] DEBUG {'com_data_read': 'AA001,114.424799,30.506566,5.000000,0.900000,324.660000,z:1992.431638'}
2021-01-13 20:53:49,996 main.py[line:439] DEBUG {'com_data_read': 'AA001,114.424798,30.506566,5.000000,0.900000,324.670000,z:1992.480835'}
2021-01-13 20:53:49,998 main.py[line:439] DEBUG {'com_data_read': 'AA001,114.424798,30.506565,5.000000,0.900000,324.660000,z:1992.520925'}
2021-01-13 20:53:49,999 main.py[line:439] DEBUG {'com_data_read': 'AA001,114.424798,30.506566,5.000000,0.900000,324.670000,z:1992.423427'}
2021-01-13 20:53:50,005 main.py[line:439] DEBUG {'com_data_read': 'AA001,25150416634290356000000000000000000000000000000000000000000000000000000000000000000000000000000000000000000000000000000000000000.000000,0.000000,-92559653432219392000000000000000000000000000000000000000000000.000000,0.000000,-918629396501964160000000000000000000000000000000000000000000000000000000000000.000000,z:AA001,114.424799,30.506565,5.000000,0.900000,324.570000,z:1992.494049'}
2021-01-13 20:53:50,006 main.py[line:439] DEBUG {'com_data_read': 'AA001,114.424800,30.506561,5.000000,0.900000,324.660000,z:1992.893167'}
2021-01-13 20:53:50,008 main.py[line:439] DEBUG {'com_data_read': 'AA001,114.424799,30.506561,5.000000,0.900000,324.670000,z:1992.866735'}
2021-01-13 20:53:50,010 main.py[line:439] DEBUG {'com_data_read': 'AA001,114.424799,30.506562,5.000000,0.900000,324.650000,z:1992.804767'}
2021-01-13 20:53:50,011 main.py[line:439] DEBUG {'com_data_read': 'AA001,114.424799,30.506562,5.000000,0.900000,324.680000,z:1992.764678'}
2021-01-13 20:53:50,013 main.py[line:439] DEBUG {'com_data_read': '114.424799,30.506564,5.000000,0.900000,324.580000,z:1992.671284'}
2021-01-13 20:53:50,015 main.py[line:439] DEBUG {'com_data_read': 'AA001,114.424799,30.506564,5.000000,0.900000,324.510000,z:1992.595658'}
2021-01-13 20:53:50,016 main.py[line:439] DEBUG {'com_data_read': 'AA001,114.424799,30.506564,5.000000,0.900000,324.530000,z:1992.591549'}
2021-01-13 20:53:50,018 main.py[line:439] DEBUG {'com_data_read': 'AA001,114.424798,30.506565,5.000000,0.900000,324.450000,z:1992.503157'}
2021-01-13 20:53:50,020 main.py[line:439] DEBUG {'com_data_read': 'AA001,114.424798,30.506566,5.000000,0.900000,324.460000,z:1992.458513'}
2021-01-13 20:53:50,021 main.py[line:439] DEBUG {'com_data_read': 'AA001,114.424799,30.506563,5.000000,0.900000,324.600000,z:1992.622532'}
2021-01-13 20:53:50,023 main.py[line:439] DEBUG {'com_data_read': 'AA001,114.424799,30.506560,5.000000,0.900000,324.550000,z:1992.982009'}
2021-01-13 20:53:50,025 main.py[line:439] DEBUG {'com_data_read': 'AA001,114.424799,30.506561,5.000000,0.900000,324.590000,z:1992.951024'}
2021-01-13 20:53:50,026 main.py[line:439] DEBUG {'com_data_read': 'AA001,114.424799,30.506563,5.000000,0.900000,324.560000,z:1992.715483'}
2021-01-13 20:53:50,028 main.py[line:439] DEBUG {'com_data_read': 'AA001,114.424799,30.506564,5.000000,0.900000,324.550000,z:1992.604764'}
2021-01-13 20:53:50,030 main.py[line:439] DEBUG {'com_data_read': 'AA001,114.424799,30.506566,5.000000,0.900000,324.590000,z:1992.440299'}
2021-01-13 20:53:50,031 main.py[line:439] DEBUG {'com_data_read': 'AA001,114.424800,30.506567,5.000000,0.900000,324.590000,z:1992.324139'}
2021-01-13 20:53:50,034 main.py[line:439] DEBUG {'com_data_read': 'AA001,114.424800,30.506568,5.000000,0.900000,324.630000,z:1992.151011'}
2021-01-13 20:53:50,038 main.py[line:439] DEBUG {'com_data_read': '114.424799,30.506571,5.000000,0.900000,324.510000,z:1991.880388'}
2021-01-13 20:53:50,039 main.py[line:439] DEBUG {'com_data_read': '114.424799,30.506575,5.000000,0.900000,324.670000,z:1991.498614'}
2021-01-13 20:53:50,040 main.py[line:439] DEBUG {'com_data_read': 'AA001,114.424799,30.506577,5.000000,0.900000,324.580000,z:1991.218896'}
2021-01-13 20:53:50,041 main.py[line:439] DEBUG {'com_data_read': 'AA001,114.424799,30.506579,5.000000,0.900000,324.510000,z:1991.050341'}
2021-01-13 20:53:50,043 main.py[line:439] DEBUG {'com_data_read': 'AA001,114.424799,30.506580,5.000000,0.900000,324.670000,z:1990.885883'}
2021-01-13 20:53:50,044 main.py[line:439] DEBUG {'com_data_read': 'AA001,114.424799,30.506582,5.000000,0.900000,324.600000,z:1990.743750'}
2021-01-13 20:53:50,045 main.py[line:439] DEBUG {'com_data_read': 'AA001,114.424799,30.506584,5.000000,0.900000,324.670000,z:1990.517344'}
2021-01-13 20:53:50,046 main.py[line:439] DEBUG {'com_data_read': 'AA001,114.424798,30.506585,5.000000,0.900000,324.730000,z:1990.402098'}
2021-01-13 20:53:50,047 main.py[line:439] DEBUG {'com_data_read': 'AA001,114.424798,30.506586,5.000000,0.900000,324.540000,z:1990.291412'}
2021-01-13 20:53:50,048 main.py[line:439] DEBUG {'com_data_read': 'AA001,114.424798,30.506587,5.000000,0.900000,324.540000,z:1990.238115'}
2021-01-13 20:53:50,049 main.py[line:439] DEBUG {'com_data_read': 'AA001,114.424799,30.506589,5.000000,0.900000,324.460000,z:1989.984360'}
2021-01-13 20:53:50,050 main.py[line:439] DEBUG {'com_data_read': 'AA001,114.424800,30.506592,5.000000,0.900000,324.600000,z:1989.677308'}
2021-01-13 20:53:50,051 main.py[line:439] DEBUG {'com_data_read': 'AA001,114.424800,30.506595,5.000000,0.900000,324.630000,z:1989.299667'}
2021-01-13 20:53:50,055 main.py[line:439] DEBUG {'com_data_read': 'AA001,114.424800,30.506597,5.000000,0.900000,324.620000,z:1989.081920'}
2021-01-13 20:53:50,056 main.py[line:439] DEBUG {'com_data_read': 'AA001,114.424800,30.506599,5.000000,0.900000,324.530000,z:1988.855531'}
2021-01-13 20:53:50,057 main.py[line:439] DEBUG {'com_data_read': 'AA001,114.424800,30.506600,5.000000,0.900000,324.330000,z:1988.744378'}
2021-01-13 20:53:51,829 main.py[line:439] DEBUG {'com_data_read': 'AA001,114.424800,30.506600,5.000000,0.900000,324.360000,z:1988.681959'}
2021-01-13 20:53:55,869 main.py[line:439] DEBUG {'com_data_read': 'AA001,114.424801,30.506602,5.000000,0.900000,324.360000,z:1988.557123'}
2021-01-13 20:53:59,909 main.py[line:439] DEBUG {'com_data_read': '114.424801,30.506604,5.000000,0.900000,324.250000,z:1988.374908'}
2021-01-13 20:54:03,948 main.py[line:439] DEBUG {'com_data_read': 'AA001,114.424801,30.506605,5.000000,0.900000,324.420000,z:1988.174929'}
2021-01-13 20:55:25,311 main.py[line:294] INFO {'(x, y, w, h) ': (114429411, 30518837, 4551, 7131)}
2021-01-13 20:55:25,330 main.py[line:310] INFO {'self.pix_cnts': [[499, 1999], [951, 1797], [1113, 1264], [1143, 849], [951, 502], [1276, 212], [638, 0], [277, 170], [84, 606], [0, 1569]]}
2021-01-13 20:56:09,325 main.py[line:439] DEBUG {'com_data_read': '30.506605,5.000000,0.900000,327.300000,z:1988.092839'}
2021-01-13 20:56:13,364 main.py[line:439] DEBUG {'com_data_read': 'AA001,114.424804,30.506605,5.000000,0.900000,329.160000,z:1988.106045'}
2021-01-13 20:56:17,404 main.py[line:439] DEBUG {'com_data_read': 'AA001,114.424805,30.506605,5.000000,0.900000,329.370000,z:1988.110133'}
2021-01-13 20:56:21,444 main.py[line:439] DEBUG {'com_data_read': 'AA001,114.424805,30.506605,5.000000,0.900000,329.440000,z:1988.034510'}
2021-01-13 20:56:25,484 main.py[line:439] DEBUG {'com_data_read': 'AA001,114.424805,30.506605,5.000000,0.900000,329.530000,z:1988.038600'}
2021-01-13 20:56:29,524 main.py[line:439] DEBUG {'com_data_read': 'AA001,114.424806,30.506607,5.000000,0.900000,329.510000,z:1987.891912'}
2021-01-13 20:56:33,564 main.py[line:439] DEBUG {'com_data_read': 'AA001,114.424806,30.506607,5.000000,0.900000,329.560000,z:1987.816288'}
2021-01-13 20:56:37,603 main.py[line:439] DEBUG {'com_data_read': 'AA001,114.424806,30.506607,5.000000,0.900000,329.590000,z:1987.811730'}
2021-01-13 20:56:41,644 main.py[line:439] DEBUG {'com_data_read': 'AA001,114.424806,30.506607,5.000000,0.900000,329.660000,z:1987.820379'}
2021-01-13 20:56:45,684 main.py[line:439] DEBUG {'com_data_read': 'AA001,114.424807,30.506608,5.000000,0.900000,329.580000,z:1987.735638'}
2021-01-13 20:56:49,723 main.py[line:439] DEBUG {'com_data_read': 'AA001,114.424807,30.506608,5.000000,0.900000,329.570000,z:1987.677781'}
2021-01-13 20:56:53,763 main.py[line:439] DEBUG {'com_data_read': 'AA001,114.424807,30.506607,5.000000,0.900000,329.750000,z:1987.788937'}
2021-01-13 20:56:57,803 main.py[line:439] DEBUG {'com_data_read': 'AA001,114.424806,30.506606,5.000000,0.900000,329.670000,z:1987.904652'}
2021-01-13 20:57:01,843 main.py[line:439] DEBUG {'com_data_read': 'AA001,114.424807,30.506607,5.000000,0.900000,329.670000,z:1987.824470'}
2021-01-13 20:57:05,883 main.py[line:439] DEBUG {'com_data_read': '114.424807,30.506607,5.000000,0.900000,329.640000,z:1987.819912'}
2021-01-13 20:57:09,923 main.py[line:439] DEBUG {'com_data_read': 'AA001,114.424807,30.506606,5.000000,0.900000,329.700000,z:1987.908744'}
2021-01-13 20:57:13,963 main.py[line:439] DEBUG {'com_data_read': 'AA001,114.424807,30.506604,5.000000,0.900000,329.650000,z:1988.090967'}
2021-01-13 20:57:15,626 main.py[line:372] INFO {'ship_obj.config_ship_lng_lats_dict': {1: [[114.431005, 30.523961], [114.4318, 30.524028], [114.431518, 30.524624], [114.432278, 30.52472], [114.432452, 30.523939]]}}
2021-01-13 20:57:15,626 main.py[line:379] INFO {'com_data_send': 'BB001,114.431005,30.523961,114.4318,30.524028,114.431518,30.524624,114.432278,30.52472,114.432452,30.523939#$'}
2021-01-13 20:57:15,755 main.py[line:385] INFO {'ship_obj.config_ship_lng_lats_dict': {1: 1}}
2021-01-13 20:57:15,755 main.py[line:389] INFO {'control_data_send': 'CC001,1#$'}
2021-01-13 20:57:56,602 main.py[line:439] DEBUG {'com_data_read': 'AA001,114.424804,30.506599,5.000000,0.900000,329.830000,z:2020.446994'}
2021-01-13 20:58:00,641 main.py[line:439] DEBUG {'com_data_read': 'AA001,114.424804,30.506599,5.000000,0.900000,329.770000,z:2020.380820'}
2021-01-13 20:58:04,681 main.py[line:439] DEBUG {'com_data_read': '114.424804,30.506600,5.000000,0.900000,329.810000,z:2020.314647'}
2021-01-13 20:58:08,720 main.py[line:439] DEBUG {'com_data_read': 'AA001,114.424804,30.506600,5.000000,0.900000,329.770000,z:2020.364175'}
2021-01-13 20:58:12,761 main.py[line:439] DEBUG {'com_data_read': 'AA001,114.424804,30.506601,5.000000,0.900000,329.800000,z:2020.195323'}
2021-01-13 20:58:16,801 main.py[line:439] DEBUG {'com_data_read': 'AA001,114.424804,30.506600,5.000000,0.900000,329.840000,z:2020.253173'}
2021-01-13 20:58:20,840 main.py[line:439] DEBUG {'com_data_read': 'AA001,114.424804,30.506601,5.000000,0.900000,329.790000,z:2020.222436'}
2021-01-13 20:58:24,880 main.py[line:439] DEBUG {'com_data_read': 'AA001,114.424803,30.506600,5.000000,0.900000,329.830000,z:2020.284984'}
2021-01-13 20:58:28,920 main.py[line:439] DEBUG {'com_data_read': 'AA001,114.424802,30.506599,5.000000,0.900000,329.800000,z:2020.490345'}
2021-01-13 20:58:32,960 main.py[line:439] DEBUG {'com_data_read': 'AA001,114.424802,30.506598,5.000000,0.900000,329.860000,z:2020.548195'}
2021-01-13 20:58:37,000 main.py[line:439] DEBUG {'com_data_read': 'AA001,114.424802,30.506598,5.000000,0.900000,329.820000,z:2020.596648'}
2021-01-13 20:58:41,041 main.py[line:439] DEBUG {'com_data_read': 'AA001,114.424802,30.506595,5.000000,0.900000,329.840000,z:2020.858784'}
2021-01-13 20:58:45,081 main.py[line:439] DEBUG {'com_data_read': 'AA001,114.424802,30.506594,5.000000,0.900000,329.800000,z:2021.022937'}
2021-01-13 20:58:49,119 main.py[line:439] DEBUG {'com_data_read': 'AA001,114.424802,30.506594,5.000000,0.900000,329.860000,z:2020.978107'}
2021-01-13 20:58:53,160 main.py[line:439] DEBUG {'com_data_read': 'AA001,114.424802,30.506595,5.000000,0.900000,329.100000,z:2020.933277'}
2021-01-13 20:58:57,200 main.py[line:439] DEBUG {'com_data_read': 'AA001,114.424802,30.506595,5.000000,0.900000,329.870000,z:2020.928580'}
2021-01-13 20:59:01,239 main.py[line:439] DEBUG {'com_data_read': 'AA001,114.424802,30.506594,5.000000,0.900000,329.200000,z:2020.994753'}
2021-01-13 20:59:05,279 main.py[line:439] DEBUG {'com_data_read': 'AA001,114.424802,30.506594,5.000000,0.900000,329.860000,z:2021.017168'}
2021-01-13 20:59:06,407 main.py[line:372] INFO {'ship_obj.config_ship_lng_lats_dict': {1: [[114.431237, 30.524403], [114.431889, 30.524453], [114.431429, 30.524959], [114.431971, 30.524977]], 2: [[114.431468, 30.52462], [114.432089, 30.524421], [114.432684, 30.525002]]}}
2021-01-13 20:59:06,407 main.py[line:379] INFO {'com_data_send': 'BB001,114.431237,30.524403,114.431889,30.524453,114.431429,30.524959,114.431971,30.524977#002,114.431468,30.52462,114.432089,30.524421,114.432684,30.525002#$'}
2021-01-13 20:59:06,593 main.py[line:385] INFO {'ship_obj.config_ship_lng_lats_dict': {1: 1}}
2021-01-13 20:59:06,593 main.py[line:389] INFO {'control_data_send': 'CC001,1#$'}
2021-01-13 20:59:11,579 main.py[line:439] DEBUG {'com_data_read': 'AA001,114.424802,30.506593,5.000000,0.900000,329.870000,z:2074.623604'}
